生成启动时间为 2015/12/4 22:59:20。
     1>项目“D:\Cocos\Cocos\CocosProjects\TowerDefense\proj.win32\TowerDefense.vcxproj”在节点 2 上(Build 个目标)。
     1>ClCompile:
         D:\Program files\Microsoft Visual Studio 12.0\VC\bin\CL.exe /c /I"D:\Cocos\frameworks\cocos2d-x-3.6\cocos\audio\include" /I"D:\Cocos\frameworks\cocos2d-x-3.6\external" /I"D:\Cocos\frameworks\cocos2d-x-3.6\external\chipmunk\include\chipmunk" /I"D:\Cocos\frameworks\cocos2d-x-3.6\extensions" /I..\Classes /I.. /I"D:\Cocos\frameworks\cocos2d-x-3.6\cocos\2d\..\..\cocos\editor-support" /I"D:\Cocos\frameworks\cocos2d-x-3.6\cocos\2d\..\..\cocos" /I"D:\Cocos\frameworks\cocos2d-x-3.6\cocos\2d\..\..\cocos\platform" /I"D:\Cocos\frameworks\cocos2d-x-3.6\cocos\2d\..\..\cocos\platform\desktop" /I"D:\Cocos\frameworks\cocos2d-x-3.6\cocos\2d\..\..\external\glfw3\include\win32" /I"D:\Cocos\frameworks\cocos2d-x-3.6\cocos\2d\..\..\external\win32-specific\gles\include\OGLES" /I"D:\Cocos\frameworks\cocos2d-x-3.6\cocos\2d\..\..\external\freetype2\include\win32\freetype2" /I"D:\Cocos\frameworks\cocos2d-x-3.6\cocos\2d\..\..\external\freetype2\include\win32\\" /ZI /nologo /W3 /WX- /MP /Od /Oy- /D WIN32 /D _WINDOWS /D _USE_MATH_DEFINES /D GL_GLEXT_PROTOTYPES /D CC_ENABLE_CHIPMUNK_INTEGRATION=1 /D COCOS2D_DEBUG=1 /D _CRT_SECURE_NO_WARNINGS /D _SCL_SECURE_NO_WARNINGS /D _VARIADIC_MAX=10 /D _UNICODE /D UNICODE /Gm- /EHsc /RTC1 /MD /GS /fp:precise /Zc:wchar_t /Zc:forScope /Fo"Debug.win32\\" /Fd"Debug.win32\vc120.pdb" /Gd /TP /wd4267 /wd4251 /wd4244 /analyze- /errorReport:prompt ..\Classes\BattleScene.cpp ..\Classes\EndScene.cpp ..\Classes\MenuScene.cpp ..\Classes\Monster.cpp
         BattleScene.cpp
         EndScene.cpp
         MenuScene.cpp
         Monster.cpp
       PreLinkEvent:
         if not exist "D:\Cocos\Cocos\CocosProjects\TowerDefense\proj.win32\Debug.win32\" mkdir "D:\Cocos\Cocos\CocosProjects\TowerDefense\proj.win32\Debug.win32\"
         xcopy /Y /Q "D:\Cocos\frameworks\cocos2d-x-3.6\prebuilt\win32\*.*" "D:\Cocos\Cocos\CocosProjects\TowerDefense\proj.win32\Debug.win32\"
         xcopy "D:\Cocos\Cocos\CocosProjects\TowerDefense\proj.win32\..\Resources" "D:\Cocos\Cocos\CocosProjects\TowerDefense\proj.win32\Debug.win32\" /D /E /I /F /Y
         
         :VCEnd
         复制了 53 个文件
         复制了 0 个文件
       Link:
         D:\Program files\Microsoft Visual Studio 12.0\VC\bin\link.exe /ERRORREPORT:PROMPT /OUT:"D:\Cocos\Cocos\CocosProjects\TowerDefense\proj.win32\Debug.win32\TowerDefense.exe" /INCREMENTAL /NOLOGO /LIBPATH:D:\Cocos\Cocos\CocosProjects\TowerDefense\proj.win32\Debug.win32\ /LIBPATH:D:\Cocos\Cocos\CocosProjects\TowerDefense\proj.win32\Debug.win32\ opengl32.lib glew32.lib libzlib.lib libpng.lib libjpeg.lib libtiff.lib libwebp.lib libiconv.lib glfw3.lib freetype250.lib winmm.lib ws2_32.lib libchipmunk.lib kernel32.lib user32.lib gdi32.lib winspool.lib comdlg32.lib advapi32.lib shell32.lib ole32.lib oleaut32.lib uuid.lib odbc32.lib odbccp32.lib /MANIFEST /MANIFESTUAC:"level='asInvoker' uiAccess='false'" /manifest:embed /DEBUG /PDB:"D:\Cocos\Cocos\CocosProjects\TowerDefense\proj.win32\Debug.win32\TowerDefense.pdb" /SUBSYSTEM:WINDOWS /TLBID:1 /DYNAMICBASE /NXCOMPAT /IMPLIB:"D:\Cocos\Cocos\CocosProjects\TowerDefense\proj.win32\Debug.win32\TowerDefense.lib" /MACHINE:X86 /SAFESEH Debug.win32\game.res
         Debug.win32\AppDelegate.obj
         Debug.win32\BattleScene.obj
         Debug.win32\EndScene.obj
         Debug.win32\MenuScene.obj
         Debug.win32\Monster.obj
         Debug.win32\StartScene.obj
         Debug.win32\main.obj
     1>AppDelegate.obj : warning LNK4075: 忽略“/EDITANDCONTINUE”(由于“/SAFESEH”规范)
            正在创建库 D:\Cocos\Cocos\CocosProjects\TowerDefense\proj.win32\Debug.win32\TowerDefense.lib 和对象 D:\Cocos\Cocos\CocosProjects\TowerDefense\proj.win32\Debug.win32\TowerDefense.exp
         TowerDefense.vcxproj -> D:\Cocos\Cocos\CocosProjects\TowerDefense\proj.win32\Debug.win32\TowerDefense.exe
     1>已完成生成项目“D:\Cocos\Cocos\CocosProjects\TowerDefense\proj.win32\TowerDefense.vcxproj”(Build 个目标)的操作。

生成成功。

已用时间 00:00:09.32
