d:\cocos\cocos\towerdefense\proj.win32\debug.win32\appdelegate.obj
d:\cocos\cocos\towerdefense\proj.win32\debug.win32\startscene.obj
d:\cocos\cocos\towerdefense\proj.win32\debug.win32\endscene.obj
d:\cocos\cocos\towerdefense\proj.win32\debug.win32\battlescene.obj
d:\cocos\cocos\towerdefense\proj.win32\debug.win32\geometricrecognizer.obj
d:\cocos\cocos\towerdefense\proj.win32\debug.win32\monster.obj
d:\cocos\cocos\towerdefense\proj.win32\debug.win32\maplayer.obj
d:\cocos\cocos\towerdefense\proj.win32\debug.win32\menuscene.obj
d:\cocos\cocos\towerdefense\proj.win32\debug.win32\gesturelayer.obj
d:\cocos\cocos\towerdefense\proj.win32\debug.win32\crashtestscene.obj
d:\cocos\cocos\towerdefense\proj.win32\debug.win32\main.obj
d:\cocos\cocos\towerdefense\proj.win32\debug.win32\vc120.pdb
d:\cocos\cocos\towerdefense\proj.win32\debug.win32\vc120.idb
d:\cocos\cocos\towerdefense\proj.win32\debug.win32\towerdefense.ilk
d:\cocos\cocos\towerdefense\proj.win32\debug.win32\towerdefense.exe
d:\cocos\cocos\towerdefense\proj.win32\debug.win32\towerdefense.pdb
d:\cocos\cocos\towerdefense\proj.win32\debug.win32\game.res
d:\cocos\cocos\towerdefense\proj.win32\debug.win32\towerdefense.lib
d:\cocos\cocos\towerdefense\proj.win32\debug.win32\towerdefense.exp
d:\cocos\cocos\towerdefense\proj.win32\debug.win32\towerdefense.tlog\cl.command.1.tlog
d:\cocos\cocos\towerdefense\proj.win32\debug.win32\towerdefense.tlog\cl.read.1.tlog
d:\cocos\cocos\towerdefense\proj.win32\debug.win32\towerdefense.tlog\cl.write.1.tlog
d:\cocos\cocos\towerdefense\proj.win32\debug.win32\towerdefense.tlog\link.command.1.tlog
d:\cocos\cocos\towerdefense\proj.win32\debug.win32\towerdefense.tlog\link.read.1.tlog
d:\cocos\cocos\towerdefense\proj.win32\debug.win32\towerdefense.tlog\link.write.1.tlog
d:\cocos\cocos\towerdefense\proj.win32\debug.win32\towerdefense.tlog\rc.command.1.tlog
d:\cocos\cocos\towerdefense\proj.win32\debug.win32\towerdefense.tlog\rc.read.1.tlog
d:\cocos\cocos\towerdefense\proj.win32\debug.win32\towerdefense.tlog\rc.write.1.tlog
d:\cocos\cocos\towerdefense\proj.win32\debug.win32\towerdefense.tlog\towerdefense.write.1u.tlog
